TN:
SF:src\api\axiosInstance.js
FN:7,(anonymous_0)
FNF:1
FNH:0
FNDA:0,(anonymous_0)
DA:3,4
DA:7,4
DA:8,0
DA:9,0
DA:10,0
DA:12,0
LF:6
LH:2
BRDA:9,0,0,0
BRDA:9,0,1,0
BRF:2
BRH:0
end_of_record
TN:
SF:src\api\cartApi.js
FN:3,(anonymous_0)
FN:8,(anonymous_1)
FN:13,(anonymous_2)
FN:18,(anonymous_3)
FN:23,(anonymous_4)
FNF:5
FNH:0
FNDA:0,(anonymous_0)
FNDA:0,(anonymous_1)
FNDA:0,(anonymous_2)
FNDA:0,(anonymous_3)
FNDA:0,(anonymous_4)
DA:3,1
DA:4,0
DA:5,0
DA:8,1
DA:9,0
DA:10,0
DA:13,1
DA:14,0
DA:15,0
DA:18,1
DA:19,0
DA:20,0
DA:23,1
DA:24,0
DA:25,0
LF:15
LH:5
BRF:0
BRH:0
end_of_record
TN:
SF:src\api\categoryApi.js
FN:3,(anonymous_0)
FNF:1
FNH:0
FNDA:0,(anonymous_0)
DA:3,1
DA:4,0
DA:5,0
LF:3
LH:1
BRF:0
BRH:0
end_of_record
TN:
SF:src\api\productApi.js
FN:3,(anonymous_0)
FN:8,(anonymous_1)
FN:13,(anonymous_2)
FN:18,(anonymous_3)
FN:23,(anonymous_4)
FN:28,(anonymous_5)
FNF:6
FNH:0
FNDA:0,(anonymous_0)
FNDA:0,(anonymous_1)
FNDA:0,(anonymous_2)
FNDA:0,(anonymous_3)
FNDA:0,(anonymous_4)
FNDA:0,(anonymous_5)
DA:3,1
DA:4,0
DA:5,0
DA:8,1
DA:9,0
DA:10,0
DA:13,1
DA:14,0
DA:15,0
DA:18,1
DA:19,0
DA:20,0
DA:23,1
DA:24,0
DA:25,0
DA:28,1
DA:29,0
DA:32,0
LF:18
LH:6
BRF:0
BRH:0
end_of_record
TN:
SF:src\api\userApi.js
FN:3,(anonymous_0)
FN:8,(anonymous_1)
FN:13,(anonymous_2)
FNF:3
FNH:0
FNDA:0,(anonymous_0)
FNDA:0,(anonymous_1)
FNDA:0,(anonymous_2)
DA:3,1
DA:4,0
DA:5,0
DA:8,1
DA:9,0
DA:10,0
DA:13,1
DA:14,0
DA:15,0
LF:9
LH:3
BRF:0
BRH:0
end_of_record
TN:
SF:src\components\admin\AdminProductCard.jsx
FN:8,(anonymous_0)
FN:21,(anonymous_1)
FN:25,(anonymous_2)
FN:30,(anonymous_3)
FN:39,(anonymous_4)
FN:59,(anonymous_5)
FN:62,(anonymous_6)
FN:151,(anonymous_7)
FN:163,(anonymous_8)
FNF:9
FNH:8
FNDA:6,(anonymous_0)
FNDA:1,(anonymous_1)
FNDA:1,(anonymous_2)
FNDA:1,(anonymous_3)
FNDA:1,(anonymous_4)
FNDA:6,(anonymous_5)
FNDA:6,(anonymous_6)
FNDA:0,(anonymous_7)
FNDA:1,(anonymous_8)
DA:8,1
DA:18,6
DA:19,6
DA:21,6
DA:22,1
DA:25,6
DA:26,1
DA:27,1
DA:30,6
DA:31,1
DA:32,1
DA:33,1
DA:39,6
DA:40,1
DA:41,1
DA:42,1
DA:44,1
DA:47,1
DA:49,1
DA:50,1
DA:51,1
DA:53,1
DA:58,6
DA:59,6
DA:62,6
DA:63,6
DA:64,6
DA:65,0
DA:68,6
DA:151,0
DA:163,1
LF:31
LH:29
BRDA:13,0,0,6
BRDA:14,1,0,6
BRDA:15,2,0,6
BRDA:16,3,0,6
BRDA:27,4,0,1
BRDA:27,4,1,0
BRDA:32,5,0,1
BRDA:32,5,1,0
BRDA:32,6,0,1
BRDA:32,6,1,1
BRDA:42,7,0,0
BRDA:42,7,1,1
BRDA:47,8,0,0
BRDA:47,8,1,1
BRDA:58,9,0,6
BRDA:58,9,1,0
BRDA:58,10,0,6
BRDA:58,10,1,6
BRDA:62,11,0,6
BRDA:63,12,0,0
BRDA:63,12,1,6
BRDA:64,13,0,6
BRDA:64,13,1,0
BRDA:71,14,0,0
BRDA:71,14,1,6
BRDA:90,15,0,0
BRDA:90,15,1,6
BRDA:92,16,0,6
BRDA:92,16,1,0
BRDA:111,17,0,6
BRDA:111,17,1,6
BRDA:120,18,0,6
BRDA:120,18,1,6
BRDA:137,19,0,6
BRDA:137,19,1,6
BRDA:140,20,0,6
BRDA:140,20,1,0
BRDA:142,21,0,6
BRDA:142,21,1,0
BRDA:149,22,0,6
BRDA:149,22,1,2
BRDA:154,23,0,2
BRDA:154,23,1,0
BRDA:172,24,0,6
BRDA:172,24,1,6
BRF:45
BRH:32
end_of_record
TN:
SF:src\components\admin\ProductModal.jsx
FN:6,(anonymous_0)
FN:17,(anonymous_1)
FN:41,(anonymous_2)
FN:43,(anonymous_3)
FN:49,(anonymous_4)
FN:51,(anonymous_5)
FN:57,(anonymous_6)
FN:58,(anonymous_7)
FN:60,(anonymous_8)
FN:64,(anonymous_9)
FN:125,(anonymous_10)
FN:220,(anonymous_11)
FN:251,(anonymous_12)
FN:256,(anonymous_13)
FNF:14
FNH:6
FNDA:26,(anonymous_0)
FNDA:7,(anonymous_1)
FNDA:12,(anonymous_2)
FNDA:12,(anonymous_3)
FNDA:0,(anonymous_4)
FNDA:0,(anonymous_5)
FNDA:0,(anonymous_6)
FNDA:0,(anonymous_7)
FNDA:0,(anonymous_8)
FNDA:5,(anonymous_9)
FNDA:0,(anonymous_10)
FNDA:52,(anonymous_11)
FNDA:0,(anonymous_12)
FNDA:0,(anonymous_13)
DA:6,1
DA:7,26
DA:17,26
DA:18,7
DA:19,1
DA:29,6
DA:41,26
DA:42,12
DA:43,12
DA:49,26
DA:50,0
DA:51,0
DA:57,26
DA:58,0
DA:60,0
DA:64,26
DA:65,5
DA:68,5
DA:69,1
DA:70,1
DA:73,4
DA:74,4
DA:75,1
DA:76,1
DA:79,3
DA:80,3
DA:81,1
DA:82,1
DA:85,2
DA:87,2
DA:88,2
DA:91,5
DA:93,1
DA:107,1
DA:119,1
DA:123,2
DA:124,0
DA:125,0
DA:127,0
DA:139,2
DA:140,2
DA:141,2
DA:144,0
DA:145,0
DA:146,0
DA:150,26
DA:152,26
DA:221,52
DA:252,0
DA:256,0
LF:50
LH:38
BRDA:18,0,0,1
BRDA:18,0,1,6
BRDA:20,1,0,1
BRDA:20,1,1,0
BRDA:21,2,0,1
BRDA:21,2,1,1
BRDA:22,3,0,1
BRDA:22,3,1,0
BRDA:23,4,0,1
BRDA:23,4,1,0
BRDA:24,5,0,1
BRDA:24,5,1,0
BRDA:25,6,0,1
BRDA:25,6,1,0
BRDA:45,7,0,0
BRDA:45,7,1,12
BRDA:68,8,0,1
BRDA:68,8,1,4
BRDA:74,9,0,1
BRDA:74,9,1,3
BRDA:74,10,0,4
BRDA:74,10,1,4
BRDA:80,11,0,1
BRDA:80,11,1,2
BRDA:80,12,0,3
BRDA:80,12,1,3
BRDA:91,13,0,1
BRDA:91,13,1,1
BRDA:101,14,0,1
BRDA:101,14,1,0
BRDA:115,15,0,0
BRDA:115,15,1,1
BRDA:123,16,0,0
BRDA:123,16,1,2
BRDA:145,17,0,0
BRDA:145,17,1,0
BRDA:150,18,0,0
BRDA:150,18,1,26
BRDA:156,19,0,5
BRDA:156,19,1,21
BRDA:280,20,0,5
BRDA:280,20,1,21
BRF:42
BRH:30
end_of_record
TN:
SF:src\components\common\Button.jsx
FN:4,(anonymous_0)
FNF:1
FNH:1
FNDA:5,(anonymous_0)
DA:4,1
DA:5,5
DA:18,1
LF:3
LH:3
BRDA:4,0,0,5
BRDA:4,1,0,5
BRDA:4,2,0,5
BRF:3
BRH:3
end_of_record
TN:
SF:src\components\common\ErrorMessage.jsx
FN:4,(anonymous_0)
FNF:1
FNH:1
FNDA:7,(anonymous_0)
DA:4,7
DA:5,7
DA:6,6
DA:9,7
LF:4
LH:4
BRDA:5,0,0,1
BRDA:5,0,1,6
BRF:2
BRH:2
end_of_record
TN:
SF:src\components\common\Input.jsx
FN:4,(anonymous_0)
FNF:1
FNH:1
FNDA:5,(anonymous_0)
DA:4,1
DA:5,5
DA:19,1
LF:3
LH:3
BRDA:4,0,0,5
BRDA:4,1,0,5
BRDA:4,2,0,5
BRDA:7,3,0,5
BRDA:7,3,1,2
BRF:5
BRH:5
end_of_record
TN:
SF:src\components\common\Loader.jsx
FN:3,(anonymous_0)
FNF:1
FNH:1
FNDA:26,(anonymous_0)
DA:3,7
DA:4,26
LF:2
LH:2
BRF:0
BRH:0
end_of_record
TN:
SF:src\components\layout\Footer.jsx
FN:3,(anonymous_0)
FNF:1
FNH:1
FNDA:2,(anonymous_0)
DA:3,1
DA:4,2
LF:2
LH:2
BRF:0
BRH:0
end_of_record
TN:
SF:src\components\layout\Navbar.jsx
FN:7,(anonymous_0)
FNF:1
FNH:1
FNDA:4,(anonymous_0)
DA:7,1
DA:8,4
DA:9,4
DA:11,4
LF:4
LH:4
BRDA:20,0,0,4
BRDA:20,0,1,4
BRDA:20,0,2,4
BRDA:26,1,0,4
BRDA:26,1,1,0
BRF:5
BRH:4
end_of_record
TN:
SF:src\components\product\ImageCarousel.jsx
FN:6,(anonymous_0)
FN:41,(anonymous_1)
FNF:2
FNH:0
FNDA:0,(anonymous_0)
FNDA:0,(anonymous_1)
DA:6,5
DA:7,0
DA:8,0
DA:10,0
DA:11,0
DA:18,0
DA:42,0
DA:53,5
LF:8
LH:2
BRDA:7,0,0,0
BRDA:7,0,1,0
BRDA:7,1,0,0
BRDA:7,1,1,0
BRDA:10,2,0,0
BRDA:10,2,1,0
BRDA:12,3,0,0
BRDA:12,3,1,0
BRDA:19,4,0,0
BRDA:19,4,1,0
BRDA:20,5,0,0
BRDA:20,5,1,0
BRDA:33,6,0,0
BRDA:33,6,1,0
BRDA:39,7,0,0
BRDA:39,7,1,0
BRDA:44,8,0,0
BRDA:44,8,1,0
BRF:18
BRH:0
end_of_record
TN:
SF:src\components\product\ProductCard.jsx
FN:8,(anonymous_0)
FN:19,(anonymous_1)
FN:26,(anonymous_2)
FNF:3
FNH:2
FNDA:8,(anonymous_0)
FNDA:1,(anonymous_1)
FNDA:0,(anonymous_2)
DA:8,4
DA:9,8
DA:11,8
DA:19,1
DA:27,0
DA:62,4
LF:6
LH:5
BRDA:23,0,0,0
BRDA:23,0,1,8
BRDA:23,1,0,8
BRDA:23,1,1,8
BRF:4
BRH:3
end_of_record
TN:
SF:src\components\product\ProductFilters.jsx
FN:4,(anonymous_0)
FN:17,(anonymous_1)
FN:22,(anonymous_2)
FN:28,(anonymous_3)
FN:33,(anonymous_4)
FN:38,(anonymous_5)
FN:64,(anonymous_6)
FNF:7
FNH:4
FNDA:8,(anonymous_0)
FNDA:1,(anonymous_1)
FNDA:0,(anonymous_2)
FNDA:0,(anonymous_3)
FNDA:0,(anonymous_4)
FNDA:1,(anonymous_5)
FNDA:10,(anonymous_6)
DA:4,2
DA:12,8
DA:13,8
DA:14,8
DA:15,8
DA:17,8
DA:18,1
DA:19,1
DA:22,8
DA:23,0
DA:24,0
DA:25,0
DA:28,8
DA:29,0
DA:30,0
DA:33,8
DA:34,0
DA:35,0
DA:38,8
DA:39,1
DA:40,1
DA:41,1
DA:42,1
DA:43,1
DA:46,8
DA:65,10
DA:96,2
LF:27
LH:20
BRDA:19,0,0,1
BRDA:19,0,1,0
BRDA:23,1,0,0
BRDA:23,1,1,0
BRDA:25,2,0,0
BRDA:25,2,1,0
BRDA:30,3,0,0
BRDA:30,3,1,0
BRDA:30,4,0,0
BRDA:30,4,1,0
BRDA:35,5,0,0
BRDA:35,5,1,0
BRDA:35,6,0,0
BRDA:35,6,1,0
BRDA:43,7,0,1
BRDA:43,7,1,0
BRF:16
BRH:2
end_of_record
TN:
SF:src\components\product\ProductGrid.jsx
FN:7,(anonymous_0)
FN:17,(anonymous_1)
FNF:2
FNH:2
FNDA:9,(anonymous_0)
FNDA:2,(anonymous_1)
DA:7,3
DA:8,9
DA:9,8
DA:11,7
DA:12,6
DA:15,1
DA:18,2
DA:24,3
LF:8
LH:8
BRDA:8,0,0,1
BRDA:8,0,1,8
BRDA:9,1,0,1
BRDA:9,1,1,7
BRDA:9,2,0,0
BRDA:9,2,1,1
BRDA:9,3,0,1
BRDA:9,3,1,0
BRDA:11,4,0,6
BRDA:11,4,1,1
BRDA:11,5,0,7
BRDA:11,5,1,7
BRF:12
BRH:10
end_of_record
TN:
SF:src\context\CartContext.js
FN:5,(anonymous_0)
FNF:1
FNH:1
FNDA:21,(anonymous_0)
DA:3,3
DA:5,21
LF:2
LH:2
BRF:0
BRH:0
end_of_record
TN:
SF:src\context\CartProvider.jsx
FN:6,(anonymous_0)
FN:9,(anonymous_1)
FN:18,(anonymous_2)
FN:19,(anonymous_3)
FN:22,(anonymous_4)
FN:30,(anonymous_5)
FN:31,(anonymous_6)
FN:31,(anonymous_7)
FN:34,(anonymous_8)
FN:36,(anonymous_9)
FN:37,(anonymous_10)
FN:38,(anonymous_11)
FN:44,(anonymous_12)
FN:49,(anonymous_13)
FN:54,(anonymous_14)
FN:65,(anonymous_15)
FN:71,(anonymous_16)
FN:80,(anonymous_17)
FNF:18
FNH:13
FNDA:21,(anonymous_0)
FNDA:10,(anonymous_1)
FNDA:9,(anonymous_2)
FNDA:2,(anonymous_3)
FNDA:1,(anonymous_4)
FNDA:1,(anonymous_5)
FNDA:1,(anonymous_6)
FNDA:1,(anonymous_7)
FNDA:2,(anonymous_8)
FNDA:0,(anonymous_9)
FNDA:0,(anonymous_10)
FNDA:0,(anonymous_11)
FNDA:9,(anonymous_12)
FNDA:9,(anonymous_13)
FNDA:2,(anonymous_14)
FNDA:0,(anonymous_15)
FNDA:0,(anonymous_16)
FNDA:21,(anonymous_17)
DA:6,1
DA:7,21
DA:9,21
DA:10,10
DA:11,9
DA:13,9
DA:15,10
DA:16,10
DA:18,10
DA:19,9
DA:20,9
DA:21,1
DA:22,1
DA:23,1
DA:26,8
DA:30,21
DA:31,1
DA:34,21
DA:36,21
DA:37,0
DA:38,0
DA:39,0
DA:44,21
DA:45,9
DA:49,21
DA:50,9
DA:54,21
DA:55,2
DA:56,1
DA:58,1
DA:59,1
DA:60,1
DA:65,21
DA:66,0
DA:67,0
DA:68,0
DA:69,0
DA:70,0
DA:71,0
DA:76,0
DA:80,21
DA:81,21
DA:95,21
DA:102,1
LF:44
LH:34
BRDA:9,0,0,10
BRDA:10,1,0,1
BRDA:10,1,1,9
BRDA:10,2,0,10
BRDA:10,2,1,10
BRDA:13,3,0,9
BRDA:13,3,1,0
BRDA:15,4,0,9
BRDA:15,4,1,0
BRDA:15,5,0,10
BRDA:15,5,1,9
BRDA:20,6,0,1
BRDA:20,6,1,8
BRDA:23,7,0,1
BRDA:23,7,1,0
BRDA:39,8,0,0
BRDA:39,8,1,0
BRDA:55,9,0,1
BRDA:55,9,1,1
BRDA:68,10,0,0
BRDA:68,10,1,0
BRDA:70,11,0,0
BRDA:70,11,1,0
BRF:23
BRH:14
end_of_record
TN:
SF:src\hooks\useCarousel.js
FN:8,(anonymous_0)
FN:11,(anonymous_1)
FN:13,(anonymous_2)
FN:16,(anonymous_3)
FN:18,(anonymous_4)
FN:21,(anonymous_5)
FNF:6
FNH:6
FNDA:12,(anonymous_0)
FNDA:1,(anonymous_1)
FNDA:1,(anonymous_2)
FNDA:5,(anonymous_3)
FNDA:4,(anonymous_4)
FNDA:1,(anonymous_5)
DA:8,6
DA:9,12
DA:11,12
DA:12,1
DA:13,1
DA:16,12
DA:17,5
DA:18,4
DA:21,12
DA:22,1
DA:23,1
DA:26,12
LF:12
LH:12
BRDA:8,0,0,12
BRDA:12,1,0,0
BRDA:12,1,1,1
BRDA:13,2,0,1
BRDA:13,2,1,0
BRDA:17,3,0,1
BRDA:17,3,1,4
BRDA:18,4,0,1
BRDA:18,4,1,3
BRDA:22,5,0,0
BRDA:22,5,1,1
BRF:11
BRH:8
end_of_record
TN:
SF:src\hooks\useCart.js
FN:9,(anonymous_0)
FNF:1
FNH:1
FNDA:19,(anonymous_0)
DA:9,2
DA:10,19
LF:2
LH:2
BRF:0
BRH:0
end_of_record
TN:
SF:src\hooks\useCategories.js
FN:8,(anonymous_0)
FN:11,(anonymous_1)
FNF:2
FNH:2
FNDA:3,(anonymous_0)
FNDA:2,(anonymous_1)
DA:8,1
DA:9,3
DA:11,3
DA:12,2
DA:17,3
LF:5
LH:5
BRF:0
BRH:0
end_of_record
TN:
SF:src\hooks\useFilters.js
FN:9,(anonymous_0)
FN:15,(anonymous_1)
FNF:2
FNH:2
FNDA:10,(anonymous_0)
FNDA:1,(anonymous_1)
DA:9,1
DA:10,10
DA:11,10
DA:12,10
DA:13,10
DA:15,10
DA:16,1
DA:17,1
DA:18,1
DA:19,1
DA:22,10
LF:11
LH:11
BRF:0
BRH:0
end_of_record
TN:
SF:src\hooks\useInactiveProducts.js
FN:9,(anonymous_0)
FN:14,(anonymous_1)
FN:19,(anonymous_2)
FN:32,(anonymous_3)
FN:36,(anonymous_4)
FNF:5
FNH:5
FNDA:23,(anonymous_0)
FNDA:13,(anonymous_1)
FNDA:16,(anonymous_2)
FNDA:10,(anonymous_3)
FNDA:3,(anonymous_4)
DA:9,1
DA:10,23
DA:11,23
DA:12,23
DA:14,23
DA:15,13
DA:16,13
DA:17,13
DA:19,16
DA:20,10
DA:21,10
DA:22,10
DA:24,3
DA:25,3
DA:26,3
DA:28,13
DA:32,23
DA:33,10
DA:36,23
DA:37,3
DA:40,23
LF:21
LH:21
BRF:0
BRH:0
end_of_record
TN:
SF:src\hooks\useProducts.js
FN:9,(anonymous_0)
FN:14,(anonymous_1)
FN:29,(anonymous_2)
FN:33,(anonymous_3)
FNF:4
FNH:3
FNDA:4,(anonymous_0)
FNDA:2,(anonymous_1)
FNDA:2,(anonymous_2)
FNDA:0,(anonymous_3)
DA:9,1
DA:10,4
DA:11,4
DA:12,4
DA:14,4
DA:15,2
DA:16,2
DA:17,2
DA:18,1
DA:19,1
DA:21,1
DA:22,1
DA:23,1
DA:25,2
DA:29,4
DA:30,2
DA:33,4
DA:34,0
DA:37,4
LF:19
LH:18
BRF:0
BRH:0
end_of_record
TN:
SF:src\pages\Cart\Cart.jsx
FN:10,(anonymous_0)
FN:16,(anonymous_1)
FN:23,(anonymous_2)
FN:28,(anonymous_3)
FN:46,(anonymous_4)
FN:50,(anonymous_5)
FN:73,(anonymous_6)
FN:86,(anonymous_7)
FN:99,(anonymous_8)
FN:104,(anonymous_9)
FN:118,(anonymous_10)
FN:131,(anonymous_11)
FNF:12
FNH:10
FNDA:9,(anonymous_0)
FNDA:7,(anonymous_1)
FNDA:1,(anonymous_2)
FNDA:1,(anonymous_3)
FNDA:1,(anonymous_4)
FNDA:1,(anonymous_5)
FNDA:6,(anonymous_6)
FNDA:0,(anonymous_7)
FNDA:0,(anonymous_8)
FNDA:1,(anonymous_9)
FNDA:1,(anonymous_10)
FNDA:6,(anonymous_11)
DA:10,1
DA:11,9
DA:12,9
DA:13,9
DA:14,9
DA:16,9
DA:17,7
DA:18,7
DA:19,1
DA:23,9
DA:24,1
DA:25,1
DA:28,9
DA:29,1
DA:30,1
DA:31,1
DA:33,1
DA:34,1
DA:36,1
DA:37,1
DA:38,1
DA:40,0
DA:42,1
DA:46,9
DA:47,1
DA:50,9
DA:51,1
DA:54,9
DA:56,8
DA:74,6
DA:86,0
DA:99,0
DA:104,1
DA:118,1
DA:131,6
LF:35
LH:32
BRDA:18,0,0,1
BRDA:18,0,1,6
BRDA:24,1,0,1
BRDA:24,1,1,1
BRDA:40,2,0,0
BRDA:40,2,1,0
BRDA:40,2,2,0
BRDA:54,3,0,1
BRDA:54,3,1,8
BRDA:61,4,0,8
BRDA:61,4,1,0
BRDA:63,5,0,2
BRDA:63,5,1,6
BRF:13
BRH:9
end_of_record
TN:
SF:src\pages\Home\Home.jsx
FN:7,(anonymous_0)
FNF:1
FNH:1
FNDA:2,(anonymous_0)
DA:7,1
DA:8,2
DA:10,2
LF:3
LH:3
BRF:0
BRH:0
end_of_record
TN:
SF:src\pages\Login\Login.jsx
FN:7,Login
FN:17,(anonymous_1)
FN:53,(anonymous_2)
FN:83,(anonymous_3)
FN:95,(anonymous_4)
FN:105,(anonymous_5)
FNF:6
FNH:5
FNDA:11,Login
FNDA:1,(anonymous_1)
FNDA:5,(anonymous_2)
FNDA:2,(anonymous_3)
FNDA:2,(anonymous_4)
FNDA:0,(anonymous_5)
DA:8,11
DA:9,11
DA:10,11
DA:11,11
DA:12,11
DA:13,11
DA:14,11
DA:15,11
DA:17,11
DA:18,1
DA:19,1
DA:20,1
DA:22,1
DA:24,1
DA:26,0
DA:27,0
DA:28,0
DA:30,0
DA:31,0
DA:34,0
DA:35,0
DA:37,1
DA:38,0
DA:39,0
DA:40,0
DA:42,0
DA:46,1
DA:47,1
DA:49,1
DA:53,11
DA:54,5
DA:55,5
DA:56,5
DA:57,0
DA:58,0
DA:62,11
DA:83,2
DA:95,2
DA:105,0
LF:39
LH:25
BRDA:10,0,0,11
BRDA:10,0,1,11
BRDA:26,1,0,0
BRDA:26,1,1,0
BRDA:37,2,0,0
BRDA:37,2,1,0
BRDA:37,3,0,1
BRDA:37,3,1,0
BRDA:39,4,0,0
BRDA:39,4,1,0
BRDA:56,5,0,0
BRDA:56,5,1,5
BRDA:56,6,0,5
BRDA:56,6,1,0
BRDA:114,7,0,11
BRDA:114,7,1,1
BRDA:123,8,0,1
BRDA:123,8,1,10
BRF:18
BRH:9
end_of_record
TN:
SF:src\pages\Orders\Orders.jsx
FN:12,(anonymous_0)
FN:27,(anonymous_1)
FN:36,(anonymous_2)
FN:42,(anonymous_3)
FN:49,(anonymous_4)
FN:50,(anonymous_5)
FN:55,(anonymous_6)
FN:73,(anonymous_7)
FN:73,(anonymous_8)
FN:89,(anonymous_9)
FN:93,(anonymous_10)
FN:130,(anonymous_11)
FNF:12
FNH:7
FNDA:6,(anonymous_0)
FNDA:3,(anonymous_1)
FNDA:9,(anonymous_2)
FNDA:3,(anonymous_3)
FNDA:3,(anonymous_4)
FNDA:1,(anonymous_5)
FNDA:0,(anonymous_6)
FNDA:0,(anonymous_7)
FNDA:0,(anonymous_8)
FNDA:3,(anonymous_9)
FNDA:0,(anonymous_10)
FNDA:0,(anonymous_11)
DA:10,1
DA:12,1
DA:13,6
DA:14,3
DA:15,3
DA:16,0
DA:17,0
DA:21,1
DA:27,1
DA:28,3
DA:36,1
DA:37,9
DA:38,9
DA:39,9
DA:40,9
DA:42,9
DA:43,3
DA:44,0
DA:45,0
DA:47,3
DA:48,3
DA:50,3
DA:51,1
DA:53,3
DA:56,0
DA:60,9
DA:61,9
DA:62,3
DA:63,3
DA:73,3
DA:75,3
DA:90,3
DA:93,0
DA:131,0
LF:34
LH:27
BRDA:13,0,0,3
BRDA:13,0,1,3
BRDA:13,0,2,0
BRDA:13,0,3,0
BRDA:43,1,0,0
BRDA:43,1,1,3
BRDA:60,2,0,0
BRDA:60,2,1,9
BRDA:61,3,0,6
BRDA:61,3,1,3
BRDA:62,4,0,0
BRDA:62,4,1,3
BRDA:66,5,0,0
BRDA:66,5,1,0
BRDA:66,5,2,0
BRDA:73,6,0,0
BRDA:73,6,1,0
BRDA:80,7,0,1
BRDA:80,7,1,2
BRDA:107,8,0,3
BRDA:107,8,1,0
BRDA:113,9,0,0
BRDA:113,9,1,3
BRDA:118,10,0,3
BRDA:118,10,1,0
BRF:25
BRH:12
end_of_record
TN:
SF:src\pages\Products\Products.jsx
FN:10,(anonymous_0)
FN:26,(anonymous_1)
FNF:2
FNH:2
FNDA:3,(anonymous_0)
FNDA:3,(anonymous_1)
DA:10,1
DA:11,3
DA:21,3
DA:24,3
DA:26,3
DA:31,3
LF:6
LH:6
BRF:0
BRH:0
end_of_record
TN:
SF:src\pages\Profile\Profile.jsx
FN:11,(anonymous_0)
FN:26,(anonymous_1)
FN:38,(anonymous_2)
FN:45,(anonymous_3)
FN:46,(anonymous_4)
FN:49,(anonymous_5)
FN:65,(anonymous_6)
FN:71,(anonymous_7)
FN:72,(anonymous_8)
FN:77,(anonymous_9)
FNF:10
FNH:9
FNDA:17,(anonymous_0)
FNDA:41,(anonymous_1)
FNDA:8,(anonymous_2)
FNDA:8,(anonymous_3)
FNDA:0,(anonymous_4)
FNDA:7,(anonymous_5)
FNDA:1,(anonymous_6)
FNDA:4,(anonymous_7)
FNDA:4,(anonymous_8)
FNDA:4,(anonymous_9)
DA:9,1
DA:11,1
DA:12,17
DA:13,8
DA:14,8
DA:15,0
DA:16,1
DA:17,0
DA:21,1
DA:22,1
DA:24,1
DA:26,1
DA:27,41
DA:28,41
DA:29,41
DA:31,41
DA:32,41
DA:33,41
DA:34,41
DA:35,41
DA:36,41
DA:38,41
DA:39,8
DA:40,0
DA:41,0
DA:43,8
DA:44,8
DA:45,8
DA:46,0
DA:49,41
DA:50,7
DA:51,7
DA:59,7
DA:60,7
DA:61,7
DA:62,7
DA:65,41
DA:66,1
DA:67,1
DA:68,1
DA:71,41
DA:72,4
DA:73,4
DA:74,4
DA:77,41
DA:78,4
DA:80,4
DA:81,1
DA:82,1
DA:84,3
DA:85,1
DA:86,1
DA:88,2
DA:89,1
DA:90,1
DA:93,1
DA:94,1
DA:95,1
DA:96,1
DA:97,1
DA:98,1
DA:100,1
DA:101,1
DA:102,1
DA:103,1
DA:104,1
DA:105,1
DA:106,1
DA:108,0
DA:112,1
DA:116,41
DA:117,41
DA:118,25
DA:119,25
DA:129,25
DA:131,25
LF:76
LH:70
BRDA:12,0,0,8
BRDA:12,0,1,8
BRDA:12,0,2,0
BRDA:12,0,3,1
BRDA:12,0,4,0
BRDA:39,1,0,0
BRDA:39,1,1,8
BRDA:52,2,0,7
BRDA:52,2,1,0
BRDA:53,3,0,7
BRDA:53,3,1,0
BRDA:54,4,0,7
BRDA:54,4,1,0
BRDA:55,5,0,7
BRDA:55,5,1,0
BRDA:80,6,0,1
BRDA:80,6,1,3
BRDA:80,7,0,4
BRDA:80,7,1,4
BRDA:84,8,0,1
BRDA:84,8,1,2
BRDA:84,9,0,3
BRDA:84,9,1,2
BRDA:88,10,0,1
BRDA:88,10,1,1
BRDA:88,11,0,2
BRDA:88,11,1,1
BRDA:94,12,0,1
BRDA:94,12,1,0
BRDA:95,13,0,1
BRDA:95,13,1,0
BRDA:96,14,0,1
BRDA:96,14,1,0
BRDA:97,15,0,1
BRDA:97,15,1,0
BRDA:98,16,0,0
BRDA:98,16,1,1
BRDA:109,17,0,0
BRDA:109,17,1,0
BRDA:109,17,2,0
BRDA:116,18,0,0
BRDA:116,18,1,41
BRDA:117,19,0,16
BRDA:117,19,1,25
BRDA:118,20,0,0
BRDA:118,20,1,25
BRDA:122,21,0,0
BRDA:122,21,1,0
BRDA:122,21,2,0
BRDA:136,22,0,25
BRDA:136,22,1,0
BRDA:136,22,2,0
BRDA:143,23,0,41
BRDA:143,23,1,1
BRDA:143,23,2,1
BRDA:147,24,0,41
BRDA:147,24,1,10
BRDA:159,25,0,10
BRDA:159,25,1,0
BRDA:163,26,0,10
BRDA:163,26,1,0
BRDA:171,27,0,10
BRDA:171,27,1,0
BRDA:175,28,0,10
BRDA:175,28,1,0
BRDA:181,29,0,10
BRDA:181,29,1,0
BRDA:189,30,0,10
BRDA:189,30,1,0
BRDA:197,31,0,41
BRDA:197,31,1,15
BRDA:203,32,0,15
BRDA:203,32,1,3
BRDA:204,33,0,15
BRDA:204,33,1,0
BRDA:296,34,0,1
BRDA:296,34,1,14
BRF:77
BRH:48
end_of_record
TN:
SF:src\pages\Register\Register.jsx
FN:6,Register
FN:23,(anonymous_1)
FN:25,(anonymous_2)
FN:35,(anonymous_3)
FN:53,(anonymous_4)
FN:62,(anonymous_5)
FN:81,(anonymous_6)
FN:107,(anonymous_7)
FNF:8
FNH:7
FNDA:63,Register
FNDA:37,(anonymous_1)
FNDA:37,(anonymous_2)
FNDA:14,(anonymous_3)
FNDA:30,(anonymous_4)
FNDA:10,(anonymous_5)
FNDA:10,(anonymous_6)
FNDA:0,(anonymous_7)
DA:7,63
DA:9,63
DA:18,63
DA:19,63
DA:20,63
DA:21,63
DA:23,63
DA:24,37
DA:25,37
DA:30,37
DA:31,14
DA:35,63
DA:36,14
DA:37,0
DA:38,0
DA:41,14
DA:42,14
DA:43,14
DA:44,14
DA:45,14
DA:46,14
DA:48,14
DA:49,10
DA:50,4
DA:53,63
DA:54,30
DA:55,8
DA:56,14
DA:57,8
DA:58,0
DA:62,63
DA:63,10
DA:64,3
DA:65,3
DA:68,7
DA:69,3
DA:70,3
DA:73,4
DA:74,2
DA:75,2
DA:78,2
DA:81,63
DA:82,10
DA:83,10
DA:84,10
DA:85,10
DA:87,10
DA:88,8
DA:89,8
DA:92,2
DA:103,2
DA:104,2
DA:105,2
DA:107,2
DA:108,0
DA:112,0
DA:114,2
DA:118,63
LF:58
LH:53
BRDA:30,0,0,14
BRDA:30,0,1,23
BRDA:36,1,0,0
BRDA:36,1,1,14
BRDA:42,2,0,8
BRDA:42,2,1,6
BRDA:43,3,0,12
BRDA:43,3,1,2
BRDA:44,4,0,6
BRDA:44,4,1,8
BRDA:45,5,0,12
BRDA:45,5,1,2
BRDA:46,6,0,4
BRDA:46,6,1,10
BRDA:48,7,0,4
BRDA:48,7,1,10
BRDA:49,8,0,6
BRDA:49,8,1,4
BRDA:49,9,0,10
BRDA:49,9,1,4
BRDA:54,10,0,8
BRDA:54,10,1,14
BRDA:54,10,2,8
BRDA:54,10,3,0
BRDA:63,11,0,3
BRDA:63,11,1,7
BRDA:68,12,0,3
BRDA:68,12,1,4
BRDA:73,13,0,2
BRDA:73,13,1,2
BRDA:87,14,0,8
BRDA:87,14,1,2
BRDA:112,15,0,0
BRDA:112,15,1,0
BRDA:210,16,0,63
BRDA:210,16,1,30
BRDA:224,17,0,2
BRDA:224,17,1,61
BRDA:235,18,0,63
BRDA:235,18,1,2
BRDA:236,19,0,63
BRDA:236,19,1,8
BRF:42
BRH:38
end_of_record
TN:
SF:src\utils\constants.js
FNF:0
FNH:0
DA:1,5
DA:2,5
DA:3,5
LF:3
LH:3
BRF:0
BRH:0
end_of_record
TN:
SF:src\utils\filterProducts.js
FN:8,(anonymous_0)
FN:11,(anonymous_1)
FNF:2
FNH:2
FNDA:11,(anonymous_0)
FNDA:32,(anonymous_1)
DA:8,2
DA:9,11
DA:11,11
DA:12,32
DA:15,24
DA:19,32
DA:21,32
DA:22,32
DA:24,32
LF:9
LH:9
BRDA:8,0,0,11
BRDA:9,1,0,11
BRDA:9,2,0,11
BRDA:9,3,0,11
BRDA:9,4,0,11
BRDA:12,5,0,8
BRDA:12,5,1,24
BRDA:15,6,0,24
BRDA:15,6,1,6
BRDA:19,7,0,32
BRDA:19,7,1,6
BRDA:21,8,0,32
BRDA:21,8,1,6
BRDA:22,9,0,32
BRDA:22,9,1,3
BRDA:24,10,0,32
BRDA:24,10,1,20
BRDA:24,10,2,18
BRDA:24,10,3,14
BRF:19
BRH:19
end_of_record
TN:
SF:src\utils\formatPrice.js
FN:6,(anonymous_0)
FNF:1
FNH:1
FNDA:48,(anonymous_0)
DA:6,8
DA:7,48
DA:8,48
DA:9,7
DA:14,41
LF:5
LH:5
BRDA:8,0,0,7
BRDA:8,0,1,41
BRDA:8,1,0,48
BRDA:8,1,1,47
BRDA:8,1,2,44
BRF:5
BRH:5
end_of_record
TN:
SF:src\utils\loadImageWithAuth.js
FN:3,(anonymous_0)
FNF:1
FNH:1
FNDA:3,(anonymous_0)
DA:3,1
DA:4,3
DA:5,3
DA:7,3
DA:14,2
DA:17,1
DA:18,1
LF:7
LH:7
BRF:0
BRH:0
end_of_record
