TN:
SF:src\components\common\Button.jsx
FN:4,(anonymous_0)
FNF:1
FNH:0
FNDA:0,(anonymous_0)
DA:4,0
DA:5,0
DA:18,0
LF:3
LH:0
BRDA:4,0,0,0
BRDA:4,1,0,0
BRDA:4,2,0,0
BRF:3
BRH:0
end_of_record
TN:
SF:src\components\common\ErrorMessage.jsx
FN:4,(anonymous_0)
FNF:1
FNH:1
FNDA:1,(anonymous_0)
DA:4,6
DA:5,1
DA:6,1
DA:9,6
LF:4
LH:4
BRDA:5,0,0,0
BRDA:5,0,1,1
BRF:2
BRH:1
end_of_record
TN:
SF:src\components\common\Input.jsx
FN:4,(anonymous_0)
FNF:1
FNH:0
FNDA:0,(anonymous_0)
DA:4,0
DA:5,0
DA:19,0
LF:3
LH:0
BRDA:4,0,0,0
BRDA:4,1,0,0
BRDA:4,2,0,0
BRDA:7,3,0,0
BRDA:7,3,1,0
BRF:5
BRH:0
end_of_record
TN:
SF:src\components\common\Loader.jsx
FN:3,(anonymous_0)
FNF:1
FNH:1
FNDA:16,(anonymous_0)
DA:3,6
DA:4,16
LF:2
LH:2
BRF:0
BRH:0
end_of_record
TN:
SF:src\components\layout\Footer.jsx
FN:3,(anonymous_0)
FNF:1
FNH:0
FNDA:0,(anonymous_0)
DA:3,0
DA:4,0
LF:2
LH:0
BRF:0
BRH:0
end_of_record
TN:
SF:src\components\layout\Header.jsx
FN:7,(anonymous_0)
FN:17,(anonymous_1)
FN:18,(anonymous_2)
FN:22,(anonymous_3)
FN:25,(anonymous_4)
FN:27,(anonymous_5)
FN:92,(anonymous_6)
FNF:7
FNH:0
FNDA:0,(anonymous_0)
FNDA:0,(anonymous_1)
FNDA:0,(anonymous_2)
FNDA:0,(anonymous_3)
FNDA:0,(anonymous_4)
FNDA:0,(anonymous_5)
FNDA:0,(anonymous_6)
DA:7,0
DA:8,0
DA:9,0
DA:10,0
DA:11,0
DA:12,0
DA:14,0
DA:15,0
DA:17,0
DA:18,0
DA:19,0
DA:21,0
DA:22,0
DA:25,0
DA:27,0
DA:28,0
DA:29,0
DA:30,0
DA:33,0
DA:92,0
LF:20
LH:0
BRDA:15,0,0,0
BRDA:15,0,1,0
BRDA:35,1,0,0
BRDA:35,1,1,0
BRDA:41,2,0,0
BRDA:41,2,1,0
BRDA:50,3,0,0
BRDA:50,3,1,0
BRDA:56,4,0,0
BRDA:56,4,1,0
BRDA:59,5,0,0
BRDA:59,5,1,0
BRDA:64,6,0,0
BRDA:64,6,1,0
BRDA:69,7,0,0
BRDA:69,7,1,0
BRDA:77,8,0,0
BRDA:77,8,1,0
BRDA:78,9,0,0
BRDA:78,9,1,0
BRDA:84,10,0,0
BRDA:84,10,1,0
BRDA:91,11,0,0
BRDA:91,11,1,0
BRDA:103,12,0,0
BRDA:103,12,1,0
BRDA:104,13,0,0
BRDA:104,13,1,0
BRDA:114,14,0,0
BRDA:114,14,1,0
BRDA:115,15,0,0
BRDA:115,15,1,0
BRF:32
BRH:0
end_of_record
TN:
SF:src\components\layout\Navbar.jsx
FN:7,(anonymous_0)
FNF:1
FNH:1
FNDA:4,(anonymous_0)
DA:7,1
DA:8,4
DA:9,4
DA:11,4
LF:4
LH:4
BRDA:20,0,0,4
BRDA:20,0,1,4
BRDA:20,0,2,4
BRDA:26,1,0,4
BRDA:26,1,1,0
BRF:5
BRH:4
end_of_record
TN:
SF:src\components\product\ImageCarousel.jsx
FN:6,(anonymous_0)
FN:41,(anonymous_1)
FNF:2
FNH:0
FNDA:0,(anonymous_0)
FNDA:0,(anonymous_1)
DA:6,5
DA:7,0
DA:8,0
DA:10,0
DA:11,0
DA:18,0
DA:42,0
DA:53,5
LF:8
LH:2
BRDA:7,0,0,0
BRDA:7,0,1,0
BRDA:7,1,0,0
BRDA:7,1,1,0
BRDA:10,2,0,0
BRDA:10,2,1,0
BRDA:12,3,0,0
BRDA:12,3,1,0
BRDA:19,4,0,0
BRDA:19,4,1,0
BRDA:20,5,0,0
BRDA:20,5,1,0
BRDA:33,6,0,0
BRDA:33,6,1,0
BRDA:39,7,0,0
BRDA:39,7,1,0
BRDA:44,8,0,0
BRDA:44,8,1,0
BRF:18
BRH:0
end_of_record
TN:
SF:src\components\product\ProductCard.jsx
FN:8,(anonymous_0)
FN:19,(anonymous_1)
FN:26,(anonymous_2)
FNF:3
FNH:2
FNDA:8,(anonymous_0)
FNDA:1,(anonymous_1)
FNDA:0,(anonymous_2)
DA:8,4
DA:9,8
DA:11,8
DA:19,1
DA:27,0
DA:62,4
LF:6
LH:5
BRDA:23,0,0,0
BRDA:23,0,1,8
BRDA:23,1,0,8
BRDA:23,1,1,8
BRF:4
BRH:3
end_of_record
TN:
SF:src\components\product\ProductFilters.jsx
FN:4,(anonymous_0)
FN:17,(anonymous_1)
FN:22,(anonymous_2)
FN:28,(anonymous_3)
FN:33,(anonymous_4)
FN:38,(anonymous_5)
FN:64,(anonymous_6)
FNF:7
FNH:4
FNDA:9,(anonymous_0)
FNDA:1,(anonymous_1)
FNDA:0,(anonymous_2)
FNDA:0,(anonymous_3)
FNDA:0,(anonymous_4)
FNDA:1,(anonymous_5)
FNDA:10,(anonymous_6)
DA:4,3
DA:12,9
DA:13,9
DA:14,9
DA:15,9
DA:17,9
DA:18,1
DA:19,1
DA:22,9
DA:23,0
DA:24,0
DA:25,0
DA:28,9
DA:29,0
DA:30,0
DA:33,9
DA:34,0
DA:35,0
DA:38,9
DA:39,1
DA:40,1
DA:41,1
DA:42,1
DA:43,1
DA:46,9
DA:65,10
DA:96,3
LF:27
LH:20
BRDA:19,0,0,1
BRDA:19,0,1,0
BRDA:23,1,0,0
BRDA:23,1,1,0
BRDA:25,2,0,0
BRDA:25,2,1,0
BRDA:30,3,0,0
BRDA:30,3,1,0
BRDA:30,4,0,0
BRDA:30,4,1,0
BRDA:35,5,0,0
BRDA:35,5,1,0
BRDA:35,6,0,0
BRDA:35,6,1,0
BRDA:43,7,0,1
BRDA:43,7,1,0
BRF:16
BRH:2
end_of_record
TN:
SF:src\components\product\ProductGrid.jsx
FN:7,(anonymous_0)
FN:17,(anonymous_1)
FNF:2
FNH:2
FNDA:9,(anonymous_0)
FNDA:2,(anonymous_1)
DA:7,3
DA:8,9
DA:9,8
DA:11,7
DA:12,6
DA:15,1
DA:18,2
DA:24,3
LF:8
LH:8
BRDA:8,0,0,1
BRDA:8,0,1,8
BRDA:9,1,0,1
BRDA:9,1,1,7
BRDA:9,2,0,0
BRDA:9,2,1,1
BRDA:9,3,0,1
BRDA:9,3,1,0
BRDA:11,4,0,6
BRDA:11,4,1,1
BRDA:11,5,0,7
BRDA:11,5,1,7
BRF:12
BRH:10
end_of_record
TN:
SF:src\hooks\useCarousel.js
FN:8,(anonymous_0)
FN:11,(anonymous_1)
FN:13,(anonymous_2)
FN:16,(anonymous_3)
FN:18,(anonymous_4)
FN:21,(anonymous_5)
FNF:6
FNH:6
FNDA:12,(anonymous_0)
FNDA:1,(anonymous_1)
FNDA:1,(anonymous_2)
FNDA:5,(anonymous_3)
FNDA:4,(anonymous_4)
FNDA:1,(anonymous_5)
DA:8,6
DA:9,12
DA:11,12
DA:12,1
DA:13,1
DA:16,12
DA:17,5
DA:18,4
DA:21,12
DA:22,1
DA:23,1
DA:26,12
LF:12
LH:12
BRDA:8,0,0,12
BRDA:12,1,0,0
BRDA:12,1,1,1
BRDA:13,2,0,1
BRDA:13,2,1,0
BRDA:17,3,0,1
BRDA:17,3,1,4
BRDA:18,4,0,1
BRDA:18,4,1,3
BRDA:22,5,0,0
BRDA:22,5,1,1
BRF:11
BRH:8
end_of_record
TN:
SF:src\hooks\useCart.js
FN:9,(anonymous_0)
FNF:1
FNH:1
FNDA:11,(anonymous_0)
DA:9,1
DA:10,11
LF:2
LH:2
BRF:0
BRH:0
end_of_record
TN:
SF:src\hooks\useCategories.js
FN:8,(anonymous_0)
FN:11,(anonymous_1)
FNF:2
FNH:2
FNDA:3,(anonymous_0)
FNDA:2,(anonymous_1)
DA:8,1
DA:9,3
DA:11,3
DA:12,2
DA:17,3
LF:5
LH:5
BRF:0
BRH:0
end_of_record
TN:
SF:src\hooks\useFilters.js
FN:9,(anonymous_0)
FN:15,(anonymous_1)
FNF:2
FNH:2
FNDA:10,(anonymous_0)
FNDA:1,(anonymous_1)
DA:9,1
DA:10,10
DA:11,10
DA:12,10
DA:13,10
DA:15,10
DA:16,1
DA:17,1
DA:18,1
DA:19,1
DA:22,10
LF:11
LH:11
BRF:0
BRH:0
end_of_record
TN:
SF:src\hooks\useProducts.js
FN:9,(anonymous_0)
FN:14,(anonymous_1)
FN:29,(anonymous_2)
FN:33,(anonymous_3)
FNF:4
FNH:3
FNDA:4,(anonymous_0)
FNDA:2,(anonymous_1)
FNDA:2,(anonymous_2)
FNDA:0,(anonymous_3)
DA:9,1
DA:10,4
DA:11,4
DA:12,4
DA:14,4
DA:15,2
DA:16,2
DA:17,2
DA:18,1
DA:19,1
DA:21,1
DA:22,1
DA:23,1
DA:25,2
DA:29,4
DA:30,2
DA:33,4
DA:34,0
DA:37,4
LF:19
LH:18
BRF:0
BRH:0
end_of_record
TN:
SF:src\pages\Admin\HomeAdmin.jsx
FN:13,(anonymous_0)
FN:24,(anonymous_1)
FN:26,(anonymous_2)
FN:29,(anonymous_3)
FN:34,(anonymous_4)
FN:50,(anonymous_5)
FN:55,(anonymous_6)
FN:61,(anonymous_7)
FN:69,(anonymous_8)
FN:72,(anonymous_9)
FN:128,(anonymous_10)
FNF:11
FNH:0
FNDA:0,(anonymous_0)
FNDA:0,(anonymous_1)
FNDA:0,(anonymous_2)
FNDA:0,(anonymous_3)
FNDA:0,(anonymous_4)
FNDA:0,(anonymous_5)
FNDA:0,(anonymous_6)
FNDA:0,(anonymous_7)
FNDA:0,(anonymous_8)
FNDA:0,(anonymous_9)
FNDA:0,(anonymous_10)
DA:13,0
DA:14,0
DA:15,0
DA:16,0
DA:17,0
DA:18,0
DA:20,0
DA:24,0
DA:25,0
DA:26,0
DA:29,0
DA:30,0
DA:31,0
DA:34,0
DA:35,0
DA:36,0
DA:37,0
DA:38,0
DA:39,0
DA:40,0
DA:42,0
DA:43,0
DA:45,0
DA:50,0
DA:51,0
DA:52,0
DA:55,0
DA:56,0
DA:57,0
DA:58,0
DA:61,0
DA:62,0
DA:63,0
DA:69,0
DA:70,0
DA:71,0
DA:72,0
DA:73,0
DA:74,0
DA:82,0
DA:83,0
DA:84,0
DA:87,0
DA:88,0
DA:90,0
DA:94,0
DA:129,0
LF:47
LH:0
BRDA:35,0,0,0
BRDA:35,0,1,0
BRDA:73,1,0,0
BRDA:73,1,1,0
BRDA:84,2,0,0
BRDA:84,2,1,0
BRDA:116,3,0,0
BRDA:116,3,1,0
BRDA:118,4,0,0
BRDA:118,4,1,0
BRDA:120,5,0,0
BRDA:120,5,1,0
BRDA:141,6,0,0
BRDA:141,6,1,0
BRDA:159,7,0,0
BRDA:159,7,1,0
BRF:16
BRH:0
end_of_record
TN:
SF:src\pages\Admin\InactiveProducts.jsx
FN:12,(anonymous_0)
FN:20,(anonymous_1)
FN:56,(anonymous_2)
FN:60,(anonymous_3)
FN:105,(anonymous_4)
FNF:5
FNH:3
FNDA:3,(anonymous_0)
FNDA:3,(anonymous_1)
FNDA:0,(anonymous_2)
FNDA:0,(anonymous_3)
FNDA:2,(anonymous_4)
DA:12,1
DA:14,3
DA:15,3
DA:16,3
DA:17,3
DA:20,3
DA:22,3
DA:23,0
DA:24,0
DA:27,3
DA:30,3
DA:31,3
DA:32,2
DA:34,2
DA:35,2
DA:37,0
DA:42,3
DA:43,3
DA:44,3
DA:45,3
DA:47,0
DA:48,0
DA:53,3
DA:56,3
DA:57,0
DA:58,0
DA:60,0
DA:61,0
DA:62,0
DA:70,0
DA:71,0
DA:72,0
DA:75,0
DA:76,0
DA:78,0
DA:82,3
DA:83,2
DA:85,1
DA:106,2
LF:39
LH:23
BRDA:22,0,0,0
BRDA:22,0,1,3
BRDA:22,1,0,3
BRDA:22,1,1,3
BRDA:34,2,0,2
BRDA:34,2,1,0
BRDA:34,3,0,2
BRDA:34,3,1,2
BRDA:34,3,2,2
BRDA:34,3,3,2
BRDA:43,4,0,3
BRDA:43,4,1,0
BRDA:60,5,0,0
BRDA:60,5,1,0
BRDA:61,6,0,0
BRDA:61,6,1,0
BRDA:72,7,0,0
BRDA:72,7,1,0
BRDA:82,8,0,1
BRDA:82,8,1,2
BRDA:83,9,0,1
BRDA:83,9,1,1
BRDA:118,10,0,1
BRDA:118,10,1,0
BRDA:124,11,0,3
BRDA:124,11,1,0
BRF:26
BRH:15
end_of_record
TN:
SF:src\pages\Cart\Cart.jsx
FN:10,(anonymous_0)
FN:16,(anonymous_1)
FN:23,(anonymous_2)
FN:28,(anonymous_3)
FN:46,(anonymous_4)
FN:50,(anonymous_5)
FN:73,(anonymous_6)
FN:86,(anonymous_7)
FN:99,(anonymous_8)
FN:104,(anonymous_9)
FN:118,(anonymous_10)
FN:131,(anonymous_11)
FNF:12
FNH:7
FNDA:7,(anonymous_0)
FNDA:7,(anonymous_1)
FNDA:0,(anonymous_2)
FNDA:1,(anonymous_3)
FNDA:1,(anonymous_4)
FNDA:0,(anonymous_5)
FNDA:6,(anonymous_6)
FNDA:0,(anonymous_7)
FNDA:0,(anonymous_8)
FNDA:0,(anonymous_9)
FNDA:1,(anonymous_10)
FNDA:6,(anonymous_11)
DA:10,1
DA:11,7
DA:12,7
DA:13,7
DA:14,7
DA:16,7
DA:17,7
DA:18,7
DA:19,0
DA:23,7
DA:24,0
DA:25,0
DA:28,7
DA:29,1
DA:30,1
DA:31,1
DA:33,1
DA:34,1
DA:36,1
DA:37,1
DA:38,1
DA:40,0
DA:42,1
DA:46,7
DA:47,1
DA:50,7
DA:51,0
DA:54,7
DA:56,6
DA:74,6
DA:86,0
DA:99,0
DA:104,0
DA:118,1
DA:131,6
LF:35
LH:27
BRDA:18,0,0,0
BRDA:18,0,1,7
BRDA:24,1,0,0
BRDA:24,1,1,0
BRDA:40,2,0,0
BRDA:40,2,1,0
BRDA:40,2,2,0
BRDA:54,3,0,1
BRDA:54,3,1,6
BRDA:61,4,0,6
BRDA:61,4,1,0
BRDA:63,5,0,0
BRDA:63,5,1,6
BRF:13
BRH:5
end_of_record
TN:
SF:src\pages\Home\Home.jsx
FN:7,(anonymous_0)
FNF:1
FNH:1
FNDA:2,(anonymous_0)
DA:7,1
DA:8,2
DA:10,2
LF:3
LH:3
BRF:0
BRH:0
end_of_record
TN:
SF:src\pages\Login\Login.jsx
FN:7,Login
FN:17,(anonymous_1)
FN:53,(anonymous_2)
FN:83,(anonymous_3)
FN:95,(anonymous_4)
FN:105,(anonymous_5)
FNF:6
FNH:5
FNDA:11,Login
FNDA:1,(anonymous_1)
FNDA:5,(anonymous_2)
FNDA:2,(anonymous_3)
FNDA:2,(anonymous_4)
FNDA:0,(anonymous_5)
DA:8,11
DA:9,11
DA:10,11
DA:11,11
DA:12,11
DA:13,11
DA:14,11
DA:15,11
DA:17,11
DA:18,1
DA:19,1
DA:20,1
DA:22,1
DA:24,1
DA:26,0
DA:27,0
DA:28,0
DA:30,0
DA:31,0
DA:34,0
DA:35,0
DA:37,1
DA:38,0
DA:39,0
DA:40,0
DA:42,0
DA:46,1
DA:47,1
DA:49,1
DA:53,11
DA:54,5
DA:55,5
DA:56,5
DA:57,0
DA:58,0
DA:62,11
DA:83,2
DA:95,2
DA:105,0
LF:39
LH:25
BRDA:10,0,0,11
BRDA:10,0,1,11
BRDA:26,1,0,0
BRDA:26,1,1,0
BRDA:37,2,0,0
BRDA:37,2,1,0
BRDA:37,3,0,1
BRDA:37,3,1,0
BRDA:39,4,0,0
BRDA:39,4,1,0
BRDA:56,5,0,0
BRDA:56,5,1,5
BRDA:56,6,0,5
BRDA:56,6,1,0
BRDA:114,7,0,11
BRDA:114,7,1,1
BRDA:123,8,0,1
BRDA:123,8,1,10
BRF:18
BRH:9
end_of_record
TN:
SF:src\pages\Orders\Orders.jsx
FN:12,(anonymous_0)
FN:27,(anonymous_1)
FN:36,(anonymous_2)
FN:42,(anonymous_3)
FN:49,(anonymous_4)
FN:50,(anonymous_5)
FN:55,(anonymous_6)
FN:73,(anonymous_7)
FN:73,(anonymous_8)
FN:89,(anonymous_9)
FN:93,(anonymous_10)
FN:130,(anonymous_11)
FNF:12
FNH:7
FNDA:6,(anonymous_0)
FNDA:3,(anonymous_1)
FNDA:9,(anonymous_2)
FNDA:3,(anonymous_3)
FNDA:3,(anonymous_4)
FNDA:1,(anonymous_5)
FNDA:0,(anonymous_6)
FNDA:0,(anonymous_7)
FNDA:0,(anonymous_8)
FNDA:3,(anonymous_9)
FNDA:0,(anonymous_10)
FNDA:0,(anonymous_11)
DA:10,1
DA:12,1
DA:13,6
DA:14,3
DA:15,3
DA:16,0
DA:17,0
DA:21,1
DA:27,1
DA:28,3
DA:36,1
DA:37,9
DA:38,9
DA:39,9
DA:40,9
DA:42,9
DA:43,3
DA:44,0
DA:45,0
DA:47,3
DA:48,3
DA:50,3
DA:51,1
DA:53,3
DA:56,0
DA:60,9
DA:61,9
DA:62,3
DA:63,3
DA:73,3
DA:75,3
DA:90,3
DA:93,0
DA:131,0
LF:34
LH:27
BRDA:13,0,0,3
BRDA:13,0,1,3
BRDA:13,0,2,0
BRDA:13,0,3,0
BRDA:43,1,0,0
BRDA:43,1,1,3
BRDA:60,2,0,0
BRDA:60,2,1,9
BRDA:61,3,0,6
BRDA:61,3,1,3
BRDA:62,4,0,0
BRDA:62,4,1,3
BRDA:66,5,0,0
BRDA:66,5,1,0
BRDA:66,5,2,0
BRDA:73,6,0,0
BRDA:73,6,1,0
BRDA:80,7,0,1
BRDA:80,7,1,2
BRDA:107,8,0,3
BRDA:107,8,1,0
BRDA:113,9,0,0
BRDA:113,9,1,3
BRDA:118,10,0,3
BRDA:118,10,1,0
BRF:25
BRH:12
end_of_record
TN:
SF:src\pages\ProductDetails\ProductDetails.jsx
FN:17,(anonymous_0)
FN:26,(anonymous_1)
FN:44,(anonymous_2)
FN:47,(anonymous_3)
FN:48,(anonymous_4)
FN:52,(anonymous_5)
FN:56,(anonymous_6)
FN:57,(anonymous_7)
FN:63,(anonymous_8)
FN:66,(anonymous_9)
FN:81,(anonymous_10)
FN:89,(anonymous_11)
FN:93,(anonymous_12)
FN:113,(anonymous_13)
FN:131,(anonymous_14)
FN:146,(anonymous_15)
FN:190,(anonymous_16)
FNF:17
FNH:0
FNDA:0,(anonymous_0)
FNDA:0,(anonymous_1)
FNDA:0,(anonymous_2)
FNDA:0,(anonymous_3)
FNDA:0,(anonymous_4)
FNDA:0,(anonymous_5)
FNDA:0,(anonymous_6)
FNDA:0,(anonymous_7)
FNDA:0,(anonymous_8)
FNDA:0,(anonymous_9)
FNDA:0,(anonymous_10)
FNDA:0,(anonymous_11)
FNDA:0,(anonymous_12)
FNDA:0,(anonymous_13)
FNDA:0,(anonymous_14)
FNDA:0,(anonymous_15)
FNDA:0,(anonymous_16)
DA:15,0
DA:17,0
DA:18,0
DA:19,0
DA:20,0
DA:21,0
DA:22,0
DA:26,0
DA:27,0
DA:28,0
DA:29,0
DA:30,0
DA:31,0
DA:32,0
DA:33,0
DA:34,0
DA:35,0
DA:37,0
DA:38,0
DA:39,0
DA:41,0
DA:42,0
DA:44,0
DA:45,0
DA:46,0
DA:47,0
DA:48,0
DA:52,0
DA:53,0
DA:55,0
DA:56,0
DA:58,0
DA:59,0
DA:63,0
DA:66,0
DA:67,0
DA:68,0
DA:72,0
DA:73,0
DA:75,0
DA:76,0
DA:77,0
DA:78,0
DA:79,0
DA:80,0
DA:81,0
DA:83,0
DA:85,0
DA:89,0
DA:90,0
DA:93,0
DA:94,0
DA:95,0
DA:96,0
DA:97,0
DA:98,0
DA:99,0
DA:100,0
DA:102,0
DA:105,0
DA:106,0
DA:108,0
DA:113,0
DA:114,0
DA:115,0
DA:116,0
DA:117,0
DA:119,0
DA:120,0
DA:122,0
DA:124,0
DA:125,0
DA:127,0
DA:131,0
DA:132,0
DA:135,0
DA:136,0
DA:137,0
DA:139,0
DA:141,0
DA:146,0
DA:191,0
DA:192,0
DA:193,0
LF:84
LH:0
BRDA:18,0,0,0
BRDA:18,0,1,0
BRDA:18,0,2,0
BRDA:18,0,3,0
BRDA:30,1,0,0
BRDA:30,1,1,0
BRDA:42,2,0,0
BRDA:42,2,1,0
BRDA:45,3,0,0
BRDA:45,3,1,0
BRDA:58,4,0,0
BRDA:58,4,1,0
BRDA:67,5,0,0
BRDA:67,5,1,0
BRDA:83,6,0,0
BRDA:83,6,1,0
BRDA:83,6,2,0
BRDA:94,7,0,0
BRDA:94,7,1,0
BRDA:99,8,0,0
BRDA:99,8,1,0
BRDA:135,9,0,0
BRDA:135,9,1,0
BRDA:136,10,0,0
BRDA:136,10,1,0
BRDA:136,11,0,0
BRDA:136,11,1,0
BRDA:137,12,0,0
BRDA:137,12,1,0
BRDA:154,13,0,0
BRDA:154,13,1,0
BRDA:155,14,0,0
BRDA:155,14,1,0
BRDA:160,15,0,0
BRDA:160,15,1,0
BRDA:161,16,0,0
BRDA:161,16,1,0
BRDA:163,17,0,0
BRDA:163,17,1,0
BRDA:170,18,0,0
BRDA:170,18,1,0
BRDA:177,19,0,0
BRDA:177,19,1,0
BRDA:193,20,0,0
BRDA:193,20,1,0
BRDA:201,21,0,0
BRDA:201,21,1,0
BRDA:204,22,0,0
BRDA:204,22,1,0
BRDA:220,23,0,0
BRDA:220,23,1,0
BRF:51
BRH:0
end_of_record
TN:
SF:src\pages\Products\Products.jsx
FN:10,(anonymous_0)
FN:26,(anonymous_1)
FNF:2
FNH:2
FNDA:3,(anonymous_0)
FNDA:3,(anonymous_1)
DA:10,1
DA:11,3
DA:21,3
DA:24,3
DA:26,3
DA:31,3
LF:6
LH:6
BRF:0
BRH:0
end_of_record
TN:
SF:src\pages\Profile\Profile.jsx
FN:11,(anonymous_0)
FN:26,(anonymous_1)
FN:38,(anonymous_2)
FN:45,(anonymous_3)
FN:46,(anonymous_4)
FN:49,(anonymous_5)
FN:65,(anonymous_6)
FN:71,(anonymous_7)
FN:72,(anonymous_8)
FN:77,(anonymous_9)
FNF:10
FNH:6
FNDA:8,(anonymous_0)
FNDA:16,(anonymous_1)
FNDA:4,(anonymous_2)
FNDA:4,(anonymous_3)
FNDA:0,(anonymous_4)
FNDA:3,(anonymous_5)
FNDA:1,(anonymous_6)
FNDA:0,(anonymous_7)
FNDA:0,(anonymous_8)
FNDA:0,(anonymous_9)
DA:9,1
DA:11,1
DA:12,8
DA:13,4
DA:14,4
DA:15,0
DA:16,0
DA:17,0
DA:21,1
DA:22,1
DA:24,1
DA:26,1
DA:27,16
DA:28,16
DA:29,16
DA:31,16
DA:32,16
DA:33,16
DA:34,16
DA:35,16
DA:36,16
DA:38,16
DA:39,4
DA:40,0
DA:41,0
DA:43,4
DA:44,4
DA:45,4
DA:46,0
DA:49,16
DA:50,3
DA:51,3
DA:59,3
DA:60,3
DA:61,3
DA:62,3
DA:65,16
DA:66,1
DA:67,1
DA:68,1
DA:71,16
DA:72,0
DA:73,0
DA:74,0
DA:77,16
DA:78,0
DA:80,0
DA:81,0
DA:82,0
DA:84,0
DA:85,0
DA:86,0
DA:88,0
DA:89,0
DA:90,0
DA:93,0
DA:94,0
DA:95,0
DA:96,0
DA:97,0
DA:98,0
DA:100,0
DA:101,0
DA:102,0
DA:103,0
DA:104,0
DA:105,0
DA:106,0
DA:108,0
DA:112,0
DA:116,16
DA:117,16
DA:118,8
DA:119,8
DA:129,8
DA:131,8
LF:76
LH:42
BRDA:12,0,0,4
BRDA:12,0,1,4
BRDA:12,0,2,0
BRDA:12,0,3,0
BRDA:12,0,4,0
BRDA:39,1,0,0
BRDA:39,1,1,4
BRDA:52,2,0,3
BRDA:52,2,1,0
BRDA:53,3,0,3
BRDA:53,3,1,0
BRDA:54,4,0,3
BRDA:54,4,1,0
BRDA:55,5,0,3
BRDA:55,5,1,0
BRDA:80,6,0,0
BRDA:80,6,1,0
BRDA:80,7,0,0
BRDA:80,7,1,0
BRDA:84,8,0,0
BRDA:84,8,1,0
BRDA:84,9,0,0
BRDA:84,9,1,0
BRDA:88,10,0,0
BRDA:88,10,1,0
BRDA:88,11,0,0
BRDA:88,11,1,0
BRDA:94,12,0,0
BRDA:94,12,1,0
BRDA:95,13,0,0
BRDA:95,13,1,0
BRDA:96,14,0,0
BRDA:96,14,1,0
BRDA:97,15,0,0
BRDA:97,15,1,0
BRDA:98,16,0,0
BRDA:98,16,1,0
BRDA:109,17,0,0
BRDA:109,17,1,0
BRDA:109,17,2,0
BRDA:116,18,0,0
BRDA:116,18,1,16
BRDA:117,19,0,8
BRDA:117,19,1,8
BRDA:118,20,0,0
BRDA:118,20,1,8
BRDA:122,21,0,0
BRDA:122,21,1,0
BRDA:122,21,2,0
BRDA:136,22,0,8
BRDA:136,22,1,0
BRDA:136,22,2,0
BRDA:143,23,0,16
BRDA:143,23,1,0
BRDA:143,23,2,0
BRDA:147,24,0,16
BRDA:147,24,1,5
BRDA:159,25,0,5
BRDA:159,25,1,0
BRDA:163,26,0,5
BRDA:163,26,1,0
BRDA:171,27,0,5
BRDA:171,27,1,0
BRDA:175,28,0,5
BRDA:175,28,1,0
BRDA:181,29,0,5
BRDA:181,29,1,0
BRDA:189,30,0,5
BRDA:189,30,1,0
BRDA:197,31,0,16
BRDA:197,31,1,3
BRDA:203,32,0,3
BRDA:203,32,1,0
BRDA:204,33,0,3
BRDA:204,33,1,0
BRDA:296,34,0,0
BRDA:296,34,1,3
BRF:77
BRH:26
end_of_record
TN:
SF:src\pages\Register\Register.jsx
FN:6,Register
FN:23,(anonymous_1)
FN:25,(anonymous_2)
FN:35,(anonymous_3)
FN:53,(anonymous_4)
FN:62,(anonymous_5)
FN:81,(anonymous_6)
FN:107,(anonymous_7)
FNF:8
FNH:5
FNDA:7,Register
FNDA:1,(anonymous_1)
FNDA:1,(anonymous_2)
FNDA:0,(anonymous_3)
FNDA:0,(anonymous_4)
FNDA:2,(anonymous_5)
FNDA:2,(anonymous_6)
FNDA:0,(anonymous_7)
DA:7,7
DA:9,7
DA:18,7
DA:19,7
DA:20,7
DA:21,7
DA:23,7
DA:24,1
DA:25,1
DA:30,1
DA:31,0
DA:35,7
DA:36,0
DA:37,0
DA:38,0
DA:41,0
DA:42,0
DA:43,0
DA:44,0
DA:45,0
DA:46,0
DA:48,0
DA:49,0
DA:50,0
DA:53,7
DA:54,0
DA:55,0
DA:56,0
DA:57,0
DA:58,0
DA:62,7
DA:63,2
DA:64,1
DA:65,1
DA:68,1
DA:69,1
DA:70,1
DA:73,0
DA:74,0
DA:75,0
DA:78,0
DA:81,7
DA:82,2
DA:83,2
DA:84,2
DA:85,2
DA:87,2
DA:88,2
DA:89,2
DA:92,0
DA:103,0
DA:104,0
DA:105,0
DA:107,0
DA:108,0
DA:112,0
DA:114,0
DA:118,7
LF:58
LH:28
BRDA:30,0,0,0
BRDA:30,0,1,1
BRDA:36,1,0,0
BRDA:36,1,1,0
BRDA:42,2,0,0
BRDA:42,2,1,0
BRDA:43,3,0,0
BRDA:43,3,1,0
BRDA:44,4,0,0
BRDA:44,4,1,0
BRDA:45,5,0,0
BRDA:45,5,1,0
BRDA:46,6,0,0
BRDA:46,6,1,0
BRDA:48,7,0,0
BRDA:48,7,1,0
BRDA:49,8,0,0
BRDA:49,8,1,0
BRDA:49,9,0,0
BRDA:49,9,1,0
BRDA:54,10,0,0
BRDA:54,10,1,0
BRDA:54,10,2,0
BRDA:54,10,3,0
BRDA:63,11,0,1
BRDA:63,11,1,1
BRDA:68,12,0,1
BRDA:68,12,1,0
BRDA:73,13,0,0
BRDA:73,13,1,0
BRDA:87,14,0,2
BRDA:87,14,1,0
BRDA:112,15,0,0
BRDA:112,15,1,0
BRDA:210,16,0,7
BRDA:210,16,1,0
BRDA:224,17,0,0
BRDA:224,17,1,7
BRDA:235,18,0,7
BRDA:235,18,1,0
BRDA:236,19,0,7
BRDA:236,19,1,2
BRF:42
BRH:10
end_of_record
TN:
SF:src\utils\filterProducts.js
FN:8,(anonymous_0)
FN:11,(anonymous_1)
FNF:2
FNH:2
FNDA:24,(anonymous_0)
FNDA:71,(anonymous_1)
DA:8,3
DA:9,24
DA:11,24
DA:12,71
DA:15,63
DA:19,71
DA:21,71
DA:22,71
DA:24,71
LF:9
LH:9
BRDA:8,0,0,24
BRDA:9,1,0,24
BRDA:9,2,0,24
BRDA:9,3,0,24
BRDA:9,4,0,24
BRDA:12,5,0,8
BRDA:12,5,1,63
BRDA:15,6,0,63
BRDA:15,6,1,6
BRDA:19,7,0,71
BRDA:19,7,1,6
BRDA:21,8,0,71
BRDA:21,8,1,6
BRDA:22,9,0,71
BRDA:22,9,1,3
BRDA:24,10,0,71
BRDA:24,10,1,59
BRDA:24,10,2,57
BRDA:24,10,3,53
BRF:19
BRH:19
end_of_record
TN:
SF:src\utils\formatPrice.js
FN:6,(anonymous_0)
FNF:1
FNH:1
FNDA:44,(anonymous_0)
DA:6,8
DA:7,44
DA:8,44
DA:9,3
DA:14,41
LF:5
LH:5
BRDA:8,0,0,3
BRDA:8,0,1,41
BRDA:8,1,0,44
BRDA:8,1,1,43
BRDA:8,1,2,42
BRF:5
BRH:5
end_of_record
